<?xml version='1.0'?> 
<!DOCTYPE coverage SYSTEM "http://cobertura.sourceforge.net/xml/coverage-04.dtd">
<!-- Generated by simplecov-cobertura version 2.1.0 (https://github.com/dashingrocket/simplecov-cobertura) -->
<coverage line-rate="0.94" lines-covered="137" lines-valid="146" complexity="0" version="0" timestamp="1696862090">
  <sources>
    <source>/app</source>
  </sources>
  <packages>
    <package name="app" line-rate="0.94" complexity="0">
      <classes>
        <class name="application_record" filename="app/models/application_record.rb" line-rate="1.0" complexity="0">
          <methods/>
          <lines>
            <line number="1" hits="1"/>
            <line number="2" hits="1"/>
          </lines>
        </class>
        <class name="job_type" filename="app/models/job_type.rb" line-rate="1.0" complexity="0">
          <methods/>
          <lines>
            <line number="1" hits="1"/>
            <line number="2" hits="1"/>
            <line number="4" hits="1"/>
          </lines>
        </class>
        <class name="application" filename="config/application.rb" line-rate="1.0" complexity="0">
          <methods/>
          <lines>
            <line number="1" hits="1"/>
            <line number="3" hits="1"/>
            <line number="7" hits="1"/>
            <line number="9" hits="1"/>
            <line number="10" hits="1"/>
            <line number="12" hits="1"/>
            <line number="25" hits="1"/>
          </lines>
        </class>
        <class name="boot" filename="config/boot.rb" line-rate="1.0" complexity="0">
          <methods/>
          <lines>
            <line number="1" hits="1"/>
            <line number="3" hits="1"/>
            <line number="4" hits="1"/>
          </lines>
        </class>
        <class name="environment" filename="config/environment.rb" line-rate="1.0" complexity="0">
          <methods/>
          <lines>
            <line number="2" hits="1"/>
            <line number="5" hits="1"/>
          </lines>
        </class>
        <class name="development" filename="config/environments/development.rb" line-rate="0.9" complexity="0">
          <methods/>
          <lines>
            <line number="1" hits="1"/>
            <line number="3" hits="1"/>
            <line number="9" hits="1"/>
            <line number="12" hits="1"/>
            <line number="15" hits="1"/>
            <line number="18" hits="1"/>
            <line number="22" hits="1"/>
            <line number="23" hits="0"/>
            <line number="24" hits="0"/>
            <line number="28" hits="1"/>
            <line number="30" hits="1"/>
            <line number="34" hits="1"/>
            <line number="37" hits="1"/>
            <line number="39" hits="1"/>
            <line number="42" hits="1"/>
            <line number="45" hits="1"/>
            <line number="48" hits="1"/>
            <line number="51" hits="1"/>
            <line number="54" hits="1"/>
            <line number="67" hits="1"/>
          </lines>
        </class>
        <class name="cors" filename="config/initializers/cors.rb" line-rate="1.0" complexity="0">
          <methods/>
          <lines>
            <line number="8" hits="1"/>
            <line number="9" hits="1"/>
            <line number="10" hits="1"/>
            <line number="12" hits="1"/>
          </lines>
        </class>
        <class name="filter_parameter_logging" filename="config/initializers/filter_parameter_logging.rb" line-rate="1.0" complexity="0">
          <methods/>
          <lines>
            <line number="6" hits="1"/>
          </lines>
        </class>
        <class name="inflections" filename="config/initializers/inflections.rb" line-rate="1.0" complexity="0">
          <methods/>
          <lines/>
        </class>
        <class name="pagy" filename="config/initializers/pagy.rb" line-rate="1.0" complexity="0">
          <methods/>
          <lines>
            <line number="2" hits="1"/>
            <line number="3" hits="1"/>
            <line number="4" hits="1"/>
            <line number="5" hits="1"/>
            <line number="6" hits="1"/>
          </lines>
        </class>
        <class name="rswag_api" filename="config/initializers/rswag_api.rb" line-rate="1.0" complexity="0">
          <methods/>
          <lines>
            <line number="1" hits="1"/>
            <line number="7" hits="1"/>
          </lines>
        </class>
        <class name="rswag_ui" filename="config/initializers/rswag_ui.rb" line-rate="1.0" complexity="0">
          <methods/>
          <lines>
            <line number="1" hits="1"/>
            <line number="11" hits="1"/>
          </lines>
        </class>
        <class name="routes" filename="config/routes.rb" line-rate="1.0" complexity="0">
          <methods/>
          <lines>
            <line number="1" hits="1"/>
            <line number="2" hits="1"/>
            <line number="3" hits="1"/>
            <line number="9" hits="1"/>
            <line number="11" hits="1"/>
            <line number="12" hits="1"/>
            <line number="13" hits="1"/>
          </lines>
        </class>
        <class name="applications" filename="spec/factories/applications.rb" line-rate="1.0" complexity="0">
          <methods/>
          <lines>
            <line number="1" hits="1"/>
            <line number="2" hits="1"/>
            <line number="3" hits="1"/>
            <line number="4" hits="1"/>
            <line number="5" hits="1"/>
            <line number="6" hits="1"/>
          </lines>
        </class>
        <class name="job_types" filename="spec/factories/job_types.rb" line-rate="1.0" complexity="0">
          <methods/>
          <lines>
            <line number="1" hits="1"/>
            <line number="2" hits="1"/>
            <line number="3" hits="4"/>
          </lines>
        </class>
        <class name="jobs" filename="spec/factories/jobs.rb" line-rate="1.0" complexity="0">
          <methods/>
          <lines>
            <line number="1" hits="1"/>
            <line number="2" hits="1"/>
            <line number="3" hits="1"/>
            <line number="4" hits="1"/>
            <line number="5" hits="1"/>
            <line number="6" hits="1"/>
            <line number="7" hits="1"/>
            <line number="8" hits="1"/>
            <line number="9" hits="1"/>
            <line number="10" hits="1"/>
            <line number="11" hits="1"/>
          </lines>
        </class>
        <class name="rails_helper" filename="spec/rails_helper.rb" line-rate="0.95" complexity="0">
          <methods/>
          <lines>
            <line number="2" hits="1"/>
            <line number="3" hits="1"/>
            <line number="4" hits="1"/>
            <line number="6" hits="1"/>
            <line number="7" hits="1"/>
            <line number="8" hits="1"/>
            <line number="9" hits="1"/>
            <line number="10" hits="1"/>
            <line number="32" hits="1"/>
            <line number="34" hits="0"/>
            <line number="36" hits="1"/>
            <line number="38" hits="1"/>
            <line number="43" hits="1"/>
            <line number="61" hits="1"/>
            <line number="64" hits="1"/>
            <line number="68" hits="1"/>
            <line number="69" hits="1"/>
            <line number="70" hits="1"/>
            <line number="71" hits="1"/>
          </lines>
        </class>
        <class name="jobs_spec" filename="spec/requests/api/v1/jobs_spec.rb" line-rate="0.86" complexity="0">
          <methods/>
          <lines>
            <line number="1" hits="1"/>
            <line number="3" hits="1"/>
            <line number="5" hits="1"/>
            <line number="7" hits="1"/>
            <line number="8" hits="1"/>
            <line number="10" hits="1"/>
            <line number="11" hits="0"/>
            <line number="38" hits="1"/>
            <line number="42" hits="1"/>
            <line number="43" hits="1"/>
            <line number="45" hits="1"/>
            <line number="66" hits="1"/>
            <line number="67" hits="0"/>
            <line number="84" hits="1"/>
            <line number="89" hits="1"/>
            <line number="90" hits="1"/>
            <line number="92" hits="1"/>
            <line number="93" hits="1"/>
            <line number="95" hits="1"/>
            <line number="96" hits="0"/>
            <line number="113" hits="1"/>
            <line number="118" hits="1"/>
            <line number="119" hits="1"/>
            <line number="120" hits="1"/>
            <line number="121" hits="1"/>
            <line number="123" hits="1"/>
            <line number="144" hits="1"/>
            <line number="145" hits="0"/>
            <line number="162" hits="1"/>
            <line number="166" hits="1"/>
            <line number="167" hits="1"/>
            <line number="168" hits="1"/>
            <line number="170" hits="1"/>
            <line number="191" hits="1"/>
            <line number="192" hits="0"/>
            <line number="209" hits="1"/>
            <line number="214" hits="1"/>
            <line number="215" hits="1"/>
            <line number="217" hits="1"/>
            <line number="218" hits="1"/>
            <line number="219" hits="1"/>
            <line number="221" hits="1"/>
            <line number="222" hits="0"/>
            <line number="230" hits="1"/>
          </lines>
        </class>
        <class name="swagger_helper" filename="spec/swagger_helper.rb" line-rate="1.0" complexity="0">
          <methods/>
          <lines>
            <line number="3" hits="1"/>
            <line number="5" hits="1"/>
            <line number="9" hits="1"/>
            <line number="17" hits="1"/>
            <line number="43" hits="1"/>
          </lines>
        </class>
      </classes>
    </package>
  </packages>
</coverage>